2021-12-24 22:20:44,080 - name ERROR start
2021-12-24 22:23:15,109 - name ERROR start
2021-12-24 22:24:05,050 - name ERROR middle
2021-12-24 22:24:29,350 - test ERROR middle
2021-12-24 22:28:25,904 - test ERROR middle
2021-12-24 22:28:25,905 - test WARNING middle
2021-12-24 22:29:28,680 - test ERROR middle
2021-12-24 22:29:28,681 - test INFO middle
2021-12-24 22:29:28,681 - test WARNING middle
2021-12-24 22:31:17,114 - test ERROR middle
2021-12-24 22:31:17,115 - test INFO middle
2021-12-24 22:31:17,116 - test WARNING middle
2021-12-24 22:31:31,550 - test ERROR bottom
2021-12-24 22:31:31,550 - test INFO bottom
2021-12-24 22:31:31,551 - test WARNING bottom
2021-12-24 22:32:11,741 - test INFO bottom
2021-12-24 22:32:11,741 - test WARNING bottom
2021-12-24 22:32:11,742 - test ERROR bottom
2021-12-24 22:32:11,742 - test CRITICAL bottom
2021-12-24 22:32:23,335 - test DEBUG bottom
2021-12-24 22:32:23,336 - test INFO bottom
2021-12-24 22:32:23,336 - test WARNING bottom
2021-12-24 22:32:23,336 - test ERROR bottom
2021-12-24 22:32:23,336 - test CRITICAL bottom
2021-12-24 22:34:31,654 - test DEBUG bottom
2021-12-24 22:34:31,654 - test INFO bottom
2021-12-24 22:34:31,654 - test WARNING bottom
2021-12-24 22:34:31,655 - test ERROR bottom
2021-12-24 22:34:31,655 - test CRITICAL bottom
2021-12-24 22:34:31,655 - test INFO division by zero
